Logfile initialized
[INFO] logfile = D:\programming\apps\workspace\testapp\build.log
[DEBUG] C:\ProgramData\Titanium\mobilesdk\win32\1.7.1\android\builder.py simulator testapp E:\proggen\java devel\android-sdk D:\programming\apps\workspace\testapp com.foolrulez.foolslide.appcelerator 7 HVGA
[INFO] Building testapp for Android ... one moment
[INFO] Titanium SDK version: 1.7.1 (06/21/11 14:28 1293a6d)
[DEBUG] Waiting for device to be ready ...
[TRACE] adb devices returned 1 devices/emulators
[TRACE] adb devices returned 1 devices/emulators
[TRACE] adb devices returned 1 devices/emulators
[DEBUG] Device connected... (waited 10 seconds)
[DEBUG] waited 10.055000 seconds on emulator to get ready
[INFO] Waiting for the Android Emulator to become available
[DEBUG] com.foolrulez.foolslide.appcelerator installed? False
[INFO] Fastdev server running, deploying in Fastdev mode
[INFO] Copying project resources..
[INFO] Detected tiapp.xml change, forcing full re-build...
[TRACE] COPYING CREATED FILE: D:\programming\apps\workspace\testapp\Resources\android\appicon.png => D:\programming\apps\workspace\testapp\build\android\bin\assets\Resources\appicon.png
[TRACE] COPYING CREATED FILE: D:\programming\apps\workspace\testapp\Resources\android\default.png => D:\programming\apps\workspace\testapp\build\android\bin\assets\Resources\default.png
[TRACE] COPYING CREATED FILE: D:\programming\apps\workspace\testapp\Resources\app.js => D:\programming\apps\workspace\testapp\build\android\bin\assets\Resources\app.js
[TRACE] COPYING CREATED FILE: D:\programming\apps\workspace\testapp\Resources\KS_nav_ui.png => D:\programming\apps\workspace\testapp\build\android\bin\assets\Resources\KS_nav_ui.png
[TRACE] COPYING CREATED FILE: D:\programming\apps\workspace\testapp\Resources\KS_nav_views.png => D:\programming\apps\workspace\testapp\build\android\bin\assets\Resources\KS_nav_views.png
[TRACE] Generating Java Classes
[DEBUG] Processing Android resource drawables
[TRACE] COPYING FILE: D:\programming\apps\workspace\testapp\Resources\android\images\res-long-land-hdpi\default.png => D:\programming\apps\workspace\testapp\build\android\res\drawable-long-land-hdpi\default_d44e27d97b.png
[TRACE] COPYING FILE: D:\programming\apps\workspace\testapp\Resources\android\images\res-long-land-ldpi\default.png => D:\programming\apps\workspace\testapp\build\android\res\drawable-long-land-ldpi\default_d44e27d97b.png
[TRACE] COPYING FILE: D:\programming\apps\workspace\testapp\Resources\android\images\res-long-port-hdpi\default.png => D:\programming\apps\workspace\testapp\build\android\res\drawable-long-port-hdpi\default_d44e27d97b.png
[TRACE] COPYING FILE: D:\programming\apps\workspace\testapp\Resources\android\images\res-long-port-ldpi\default.png => D:\programming\apps\workspace\testapp\build\android\res\drawable-long-port-ldpi\default_d44e27d97b.png
[TRACE] COPYING FILE: D:\programming\apps\workspace\testapp\Resources\android\images\res-notlong-land-hdpi\default.png => D:\programming\apps\workspace\testapp\build\android\res\drawable-notlong-land-hdpi\default_d44e27d97b.png
[TRACE] COPYING FILE: D:\programming\apps\workspace\testapp\Resources\android\images\res-notlong-land-ldpi\default.png => D:\programming\apps\workspace\testapp\build\android\res\drawable-notlong-land-ldpi\default_d44e27d97b.png
[TRACE] COPYING FILE: D:\programming\apps\workspace\testapp\Resources\android\images\res-notlong-land-mdpi\default.png => D:\programming\apps\workspace\testapp\build\android\res\drawable-notlong-land-mdpi\default_d44e27d97b.png
[TRACE] COPYING FILE: D:\programming\apps\workspace\testapp\Resources\android\images\res-notlong-port-hdpi\default.png => D:\programming\apps\workspace\testapp\build\android\res\drawable-notlong-port-hdpi\default_d44e27d97b.png
[TRACE] COPYING FILE: D:\programming\apps\workspace\testapp\Resources\android\images\res-notlong-port-ldpi\default.png => D:\programming\apps\workspace\testapp\build\android\res\drawable-notlong-port-ldpi\default_d44e27d97b.png
[TRACE] COPYING FILE: D:\programming\apps\workspace\testapp\Resources\android\images\res-notlong-port-mdpi\default.png => D:\programming\apps\workspace\testapp\build\android\res\drawable-notlong-port-mdpi\default_d44e27d97b.png
[DEBUG] app stylesheet => D:\programming\apps\workspace\testapp\build\android\gen\com\foolrulez\foolslide\appcelerator\ApplicationStylesheet.java
[DEBUG] copying app icon: D:\programming\apps\workspace\testapp\build\android\bin\assets\Resources\appicon.png
[DEBUG] generating theme.xml
[DEBUG] found splash screen at D:\programming\apps\workspace\testapp\build\android\bin\assets\Resources\default.png
[TRACE] Writing out AndroidManifest.xml
[DEBUG] adding D:\programming\apps\workspace\testapp\build\android\gen\com\foolrulez\foolslide\appcelerator\ApplicationStylesheet.java to javac build list
[DEBUG] adding D:\programming\apps\workspace\testapp\build\android\gen\com\foolrulez\foolslide\appcelerator\R.java to javac build list
[DEBUG] adding D:\programming\apps\workspace\testapp\build\android\gen\com\foolrulez\foolslide\appcelerator\TestappActivity.java to javac build list
[DEBUG] adding D:\programming\apps\workspace\testapp\build\android\gen\com\foolrulez\foolslide\appcelerator\TestappAppInfo.java to javac build list
[DEBUG] adding D:\programming\apps\workspace\testapp\build\android\gen\com\foolrulez\foolslide\appcelerator\TestappApplication.java to javac build list
[DEBUG] Building Java Sources: "D:\\programming\\apps\\workspace\\testapp\\build\\android\\gen\\com\\foolrulez\\foolslide\\appcelerator\\ApplicationStylesheet.java" "D:\\programming\\apps\\workspace\\testapp\\build\\android\\gen\\com\\foolrulez\\foolslide\\appcelerator\\R.java" "D:\\programming\\apps\\workspace\\testapp\\build\\android\\gen\\com\\foolrulez\\foolslide\\appcelerator\\TestappActivity.java" "D:\\programming\\apps\\workspace\\testapp\\build\\android\\gen\\com\\foolrulez\\foolslide\\appcelerator\\TestappAppInfo.java" "D:\\programming\\apps\\workspace\\testapp\\build\\android\\gen\\com\\foolrulez\\foolslide\\appcelerator\\TestappApplication.java"
[INFO] Waiting for SDCard to become available..
[INFO] Compiling Android Resources... This could take some time
[DEBUG] Android classes.dex built
[DEBUG] creating unsigned apk: D:\programming\apps\workspace\testapp\build\android\bin\app-unsigned.apk
[DEBUG] from resource zip => assets/Resources/KS_nav_ui.png
[DEBUG] from resource zip => assets/Resources/KS_nav_views.png
[DEBUG] from resource zip => assets/Resources/app.js
[DEBUG] from resource zip => assets/Resources/appicon.png
[DEBUG] from resource zip => assets/Resources/default.png
[DEBUG] from resource zip => assets/tiapp.xml
[DEBUG] from resource zip => res/drawable/appicon.png
[DEBUG] from resource zip => res/drawable/background.png
[DEBUG] from resource zip => res/drawable/facebook_icon.png
[DEBUG] from resource zip => res/drawable/facebook_login.png
[DEBUG] from resource zip => res/drawable/facebook_login_down.png
[DEBUG] from resource zip => res/drawable/facebook_login_wide.png
[DEBUG] from resource zip => res/drawable/facebook_login_wide_down.png
[DEBUG] from resource zip => res/drawable/facebook_logout.png
[DEBUG] from resource zip => res/drawable/facebook_logout_down.png
[DEBUG] from resource zip => res/layout/titanium_tabgroup.xml
[DEBUG] from resource zip => AndroidManifest.xml
[DEBUG] from resource zip => resources.arsc
[DEBUG] from resource zip => res/drawable-hdpi/facebook_icon.png
[DEBUG] from resource zip => res/drawable-ldpi/facebook_icon.png
[DEBUG] from resource zip => res/drawable-long-land-hdpi/default_d44e27d97b.png
[DEBUG] from resource zip => res/drawable-long-land-ldpi/default_d44e27d97b.png
[DEBUG] from resource zip => res/drawable-long-port-hdpi/default_d44e27d97b.png
[DEBUG] from resource zip => res/drawable-long-port-ldpi/default_d44e27d97b.png
[DEBUG] from resource zip => res/drawable-notlong-land-hdpi/default_d44e27d97b.png
[DEBUG] from resource zip => res/drawable-notlong-land-ldpi/default_d44e27d97b.png
[DEBUG] from resource zip => res/drawable-notlong-land-mdpi/default_d44e27d97b.png
[DEBUG] from resource zip => res/drawable-notlong-port-hdpi/default_d44e27d97b.png
[DEBUG] from resource zip => res/drawable-notlong-port-ldpi/default_d44e27d97b.png
[DEBUG] from resource zip => res/drawable-notlong-port-mdpi/default_d44e27d97b.png
[DEBUG] from JAR C:\ProgramData\Titanium\mobilesdk\win32\1.7.1\android\modules\titanium-ui.jar => ti/modules/titanium/ui/widget/webview/binding.js
[DEBUG] from JAR C:\ProgramData\Titanium\mobilesdk\win32\1.7.1\android\modules\titanium-ui.jar => ti/modules/titanium/ui/widget/webview/binding.min.js
[DEBUG] from JAR C:\ProgramData\Titanium\mobilesdk\win32\1.7.1\android\modules\titanium-ui.jar => ti/modules/titanium/ui/widget/webview/json2.js
[DEBUG] from JAR C:\ProgramData\Titanium\mobilesdk\win32\1.7.1\android\modules\titanium-facebook.jar => ti/modules/titanium/facebook/LICENSE
[DEBUG] from JAR C:\ProgramData\Titanium\mobilesdk\win32\1.7.1\android\titanium.jar => org/apache/Commons-NOTICE.txt
[DEBUG] from JAR C:\ProgramData\Titanium\mobilesdk\win32\1.7.1\android\titanium.jar => org/apache/HttpComponents-NOTICE.txt
[DEBUG] from JAR C:\ProgramData\Titanium\mobilesdk\win32\1.7.1\android\titanium.jar => org/apache/mime4j-NOTICE.txt
[DEBUG] from JAR C:\ProgramData\Titanium\mobilesdk\win32\1.7.1\android\titanium.jar => org/appcelerator/titanium/build.properties
[DEBUG] from JAR C:\ProgramData\Titanium\mobilesdk\win32\1.7.1\android\titanium.jar => org/appcelerator/titanium/res/drawable/background.png
[DEBUG] from JAR C:\ProgramData\Titanium\mobilesdk\win32\1.7.1\android\titanium.jar => org/appcelerator/titanium/res/drawable/btn_check_buttonless_on.png
[DEBUG] from JAR C:\ProgramData\Titanium\mobilesdk\win32\1.7.1\android\titanium.jar => org/appcelerator/titanium/res/drawable/btn_check_buttonless_on_18.png
[DEBUG] from JAR C:\ProgramData\Titanium\mobilesdk\win32\1.7.1\android\titanium.jar => org/appcelerator/titanium/res/drawable/btn_check_buttonless_on_48.png
[DEBUG] from JAR C:\ProgramData\Titanium\mobilesdk\win32\1.7.1\android\titanium.jar => org/appcelerator/titanium/res/drawable/btn_more.png
[DEBUG] from JAR C:\ProgramData\Titanium\mobilesdk\win32\1.7.1\android\titanium.jar => org/appcelerator/titanium/res/drawable/btn_more_18.png
[DEBUG] from JAR C:\ProgramData\Titanium\mobilesdk\win32\1.7.1\android\titanium.jar => org/appcelerator/titanium/res/drawable/btn_more_48.png
[DEBUG] from JAR C:\ProgramData\Titanium\mobilesdk\win32\1.7.1\android\titanium.jar => org/appcelerator/titanium/res/drawable/btn_picker_normal.9.png
[DEBUG] from JAR C:\ProgramData\Titanium\mobilesdk\win32\1.7.1\android\titanium.jar => org/appcelerator/titanium/res/drawable/btn_picker_pressed.9.png
[DEBUG] from JAR C:\ProgramData\Titanium\mobilesdk\win32\1.7.1\android\titanium.jar => org/appcelerator/titanium/res/drawable/btn_picker_selected.9.png
[DEBUG] from JAR C:\ProgramData\Titanium\mobilesdk\win32\1.7.1\android\titanium.jar => org/appcelerator/titanium/res/drawable/default_icon.png
[DEBUG] from JAR C:\ProgramData\Titanium\mobilesdk\win32\1.7.1\android\titanium.jar => org/appcelerator/titanium/res/drawable/photoDefault.png
[DEBUG] from JAR C:\ProgramData\Titanium\mobilesdk\win32\1.7.1\android\modules\titanium-yahoo.jar => ti/modules/titanium/yahoo/yahoo.js
[DEBUG] from JAR C:\ProgramData\Titanium\mobilesdk\win32\1.7.1\android\smalljs.jar => org/mozilla/javascript/resources/Messages.properties
[DEBUG] from JAR C:\ProgramData\Titanium\mobilesdk\win32\1.7.1\android\smalljs.jar => org/mozilla/javascript/resources/Messages_fr.properties
[DEBUG] Waiting for device to be ready ...
[TRACE] adb devices returned 1 devices/emulators
[DEBUG] Device connected... (waited 0 seconds)
[DEBUG] waited 0.017000 seconds on emulator to get ready
[INFO] Installing application on device
[INFO] Launching application ... testapp
[TRACE] Launch output: Starting: Intent { act=android.intent.action.MAIN cat=[android.intent.category.LAUNCHER] cmp=com.foolrulez.foolslide.appcelerator/.TestappActivity }

[INFO] Deployed testapp ... Application should be running.
